app/build/outputs/logs/manifest-merger-debug-report.txt
-- Merging decision tree log ---
manifest
ADDED from src\main\AndroidManifest.xml:2:1-135:12
	package
		ADDED from src\main\AndroidManifest.xml:3:5-36
		INJECTED from src\main\AndroidManifest.xml
		INJECTED from src\main\AndroidManifest.xml
	android:versionName
		ADDED from src\main\AndroidManifest.xml:5:5-32
		INJECTED from src\main\AndroidManifest.xml
		INJECTED from src\main\AndroidManifest.xml
	android:versionCode
		ADDED from src\main\AndroidManifest.xml:4:5-29
		INJECTED from src\main\AndroidManifest.xml
		INJECTED from src\main\AndroidManifest.xml
	xmlns:android
		ADDED from src\main\AndroidManifest.xml:2:11-69
uses-sdk
ADDED from src\main\AndroidManifest.xml:7:5-9:41
	android:targetSdkVersion
		ADDED from src\main\AndroidManifest.xml:9:9-38
		INJECTED from src\main\AndroidManifest.xml
		INJECTED from src\main\AndroidManifest.xml
	android:minSdkVersion
		ADDED from src\main\AndroidManifest.xml:8:9-34
		INJECTED from src\main\AndroidManifest.xml
		INJECTED from src\main\AndroidManifest.xml
uses-permission#android.permission.INTERNET
ADDED from src\main\AndroidManifest.xml:11:5-67
	android:name
		ADDED from src\main\AndroidManifest.xml:11:22-64
uses-permission#android.permission.WRITE_EXTERNAL_STORAGE
ADDED from src\main\AndroidManifest.xml:12:5-81
	android:name
		ADDED from src\main\AndroidManifest.xml:12:22-78
uses-permission#android.permission.READ_EXTERNAL_STORAGE
ADDED from src\main\AndroidManifest.xml:13:5-80
	android:name
		ADDED from src\main\AndroidManifest.xml:13:22-77
uses-permission#android.permission.ACCESS_FINE_LOCATION
ADDED from src\main\AndroidManifest.xml:14:5-79
	android:name
		ADDED from src\main\AndroidManifest.xml:14:22-76
uses-permission#com.android.browser.permission.READ_HISTORY_BOOKMARKS
ADDED from src\main\AndroidManifest.xml:15:5-93
	android:name
		ADDED from src\main\AndroidManifest.xml:15:22-90
uses-permission#com.android.browser.permission.WRITE_HISTORY_BOOKMARKS
ADDED from src\main\AndroidManifest.xml:16:5-94
	android:name
		ADDED from src\main\AndroidManifest.xml:16:22-91
uses-feature#android.hardware.location.gps
ADDED from src\main\AndroidManifest.xml:18:5-20:36
	android:required
		ADDED from src\main\AndroidManifest.xml:20:9-33
	android:name
		ADDED from src\main\AndroidManifest.xml:19:9-53
uses-feature#android.hardware.location
ADDED from src\main\AndroidManifest.xml:21:5-23:36
	android:required
		ADDED from src\main\AndroidManifest.xml:23:9-33
	android:name
		ADDED from src\main\AndroidManifest.xml:22:9-49
uses-feature#android.hardware.touchscreen
ADDED from src\main\AndroidManifest.xml:24:5-26:36
	android:required
		ADDED from src\main\AndroidManifest.xml:26:9-33
	android:name
		ADDED from src\main\AndroidManifest.xml:25:9-52
application
ADDED from src\main\AndroidManifest.xml:28:5-133:19
	android:label
		ADDED from src\main\AndroidManifest.xml:32:9-41
	android:hardwareAccelerated
		ADDED from src\main\AndroidManifest.xml:30:9-43
	android:allowBackup
		ADDED from src\main\AndroidManifest.xml:29:9-35
	android:icon
		ADDED from src\main\AndroidManifest.xml:31:9-45
	android:theme
		ADDED from src\main\AndroidManifest.xml:33:9-40
activity#com.jtechme.jumpgoold.activities.BrowserActivity
ADDED from src\main\AndroidManifest.xml:34:9-103:20
	android:label
		ADDED from src\main\AndroidManifest.xml:37:13-45
	android:launchMode
		ADDED from src\main\AndroidManifest.xml:38:13-44
	android:alwaysRetainTaskState
		ADDED from src\main\AndroidManifest.xml:36:13-49
	android:name
		ADDED from src\main\AndroidManifest.xml:35:13-76
intent-filter#android.intent.action.MAIN+android.intent.category.APP_BROWSER+android.intent.category.BROWSABLE+android.intent.category.DEFAULT+android.intent.category.LAUNCHER
ADDED from src\main\AndroidManifest.xml:39:13-46:29
action#android.intent.action.MAIN
ADDED from src\main\AndroidManifest.xml:40:17-69
	android:name
		ADDED from src\main\AndroidManifest.xml:40:25-66
category#android.intent.category.DEFAULT
ADDED from src\main\AndroidManifest.xml:42:17-76
	android:name
		ADDED from src\main\AndroidManifest.xml:42:27-73
category#android.intent.category.LAUNCHER
ADDED from src\main\AndroidManifest.xml:43:17-77
	android:name
		ADDED from src\main\AndroidManifest.xml:43:27-74
category#android.intent.category.BROWSABLE
ADDED from src\main\AndroidManifest.xml:44:17-78
	android:name
		ADDED from src\main\AndroidManifest.xml:44:27-75
category#android.intent.category.APP_BROWSER
ADDED from src\main\AndroidManifest.xml:45:17-80
	android:name
		ADDED from src\main\AndroidManifest.xml:45:27-77
intent-filter#android.intent.action.VIEW+android.intent.category.BROWSABLE+android.intent.category.DEFAULT
ADDED from src\main\AndroidManifest.xml:47:13-57:29
action#android.intent.action.VIEW
ADDED from src\main\AndroidManifest.xml:48:17-69
	android:name
		ADDED from src\main\AndroidManifest.xml:48:25-66
data
ADDED from src\main\AndroidManifest.xml:53:17-47
	android:scheme
		ADDED from src\main\AndroidManifest.xml:53:23-44
intent-filter#android.intent.action.WEB_SEARCH+android.intent.category.BROWSABLE+android.intent.category.DEFAULT
ADDED from src\main\AndroidManifest.xml:93:13-102:29
action#android.intent.action.WEB_SEARCH
ADDED from src\main\AndroidManifest.xml:94:17-75
	android:name
		ADDED from src\main\AndroidManifest.xml:94:25-72
activity#com.jtechme.jumpgoold.activities.IncognitoModeActivity
ADDED from src\main\AndroidManifest.xml:104:9-114:20
	android:label
		ADDED from src\main\AndroidManifest.xml:107:13-45
	android:launchMode
		ADDED from src\main\AndroidManifest.xml:108:13-44
	android:alwaysRetainTaskState
		ADDED from src\main\AndroidManifest.xml:106:13-49
	android:name
		ADDED from src\main\AndroidManifest.xml:105:13-82
intent-filter#android.intent.action.BROWSER_INCOGNITO+android.intent.category.DEFAULT
ADDED from src\main\AndroidManifest.xml:109:13-113:29
action#android.intent.action.BROWSER_INCOGNITO
ADDED from src\main\AndroidManifest.xml:110:17-82
	android:name
		ADDED from src\main\AndroidManifest.xml:110:25-79
activity#com.jtechme.jumpgoold.activities.SettingsActivity
ADDED from src\main\AndroidManifest.xml:115:9-123:20
	android:label
		ADDED from src\main\AndroidManifest.xml:117:13-45
	android:name
		ADDED from src\main\AndroidManifest.xml:116:13-77
intent-filter#android.intent.action.SETTINGS+android.intent.category.DEFAULT
ADDED from src\main\AndroidManifest.xml:118:13-122:29
action#android.intent.action.SETTINGS
ADDED from src\main\AndroidManifest.xml:119:17-73
	android:name
		ADDED from src\main\AndroidManifest.xml:119:25-70
activity#com.jtechme.jumpgoold.activities.AdvancedSettingsActivity
ADDED from src\main\AndroidManifest.xml:124:9-132:20
	android:label
		ADDED from src\main\AndroidManifest.xml:126:13-45
	android:name
		ADDED from src\main\AndroidManifest.xml:125:13-85
intent-filter#android.intent.action.ADVANCED_SETTINGS+android.intent.category.DEFAULT
ADDED from src\main\AndroidManifest.xml:127:13-131:29
action#android.intent.action.ADVANCED_SETTINGS
ADDED from src\main\AndroidManifest.xml:128:17-82
	android:name
		ADDED from src\main\AndroidManifest.xml:128:25-79